#! /usr/local/bin/vvp
:ivl_version "12.0 (stable)";
:ivl_delay_selection "TYPICAL";
:vpi_time_precision - 12;
:vpi_module "/usr/local/lib/ivl/system.vpi";
:vpi_module "/usr/local/lib/ivl/vhdl_sys.vpi";
:vpi_module "/usr/local/lib/ivl/vhdl_textio.vpi";
:vpi_module "/usr/local/lib/ivl/v2005_math.vpi";
:vpi_module "/usr/local/lib/ivl/va_math.vpi";
:vpi_module "/usr/local/lib/ivl/v2009.vpi";
S_0x32441080 .scope package, "$unit" "$unit" 2 1;
 .timescale 0 0;
S_0x32441210 .scope module, "RAM_tb" "RAM_tb" 3 3;
 .timescale -9 -12;
v0x32458640_0 .var "addr", 3 0;
v0x32458720_0 .var "clk", 0 0;
v0x324587f0_0 .var "din", 7 0;
v0x324588f0_0 .net "dout", 7 0, v0x324582f0_0;  1 drivers
v0x324589c0_0 .var "we", 0 0;
S_0x3241b580 .scope module, "uut" "RAM" 3 10, 4 1 0, S_0x32441210;
 .timescale 0 0;
    .port_info 0 /INPUT 1 "clk";
    .port_info 1 /INPUT 1 "we";
    .port_info 2 /INPUT 4 "addr";
    .port_info 3 /INPUT 8 "din";
    .port_info 4 /OUTPUT 8 "dout";
v0x3241b7a0_0 .net "addr", 3 0, v0x32458640_0;  1 drivers
v0x32458140_0 .net "clk", 0 0, v0x32458720_0;  1 drivers
v0x32458200_0 .net "din", 7 0, v0x324587f0_0;  1 drivers
v0x324582f0_0 .var "dout", 7 0;
v0x324583d0 .array "mem", 0 15, 7 0;
v0x324584e0_0 .net "we", 0 0, v0x324589c0_0;  1 drivers
E_0x3241b760 .event posedge, v0x32458140_0;
    .scope S_0x3241b580;
T_0 ;
    %wait E_0x3241b760;
    %load/vec4 v0x324584e0_0;
    %flag_set/vec4 8;
    %jmp/0xz  T_0.0, 8;
    %load/vec4 v0x32458200_0;
    %load/vec4 v0x3241b7a0_0;
    %pad/u 6;
    %ix/vec4 3;
    %ix/load 4, 0, 0; Constant delay
    %assign/vec4/a/d v0x324583d0, 0, 4;
    %jmp T_0.1;
T_0.0 ;
    %load/vec4 v0x3241b7a0_0;
    %pad/u 6;
    %ix/vec4 4;
    %load/vec4a v0x324583d0, 4;
    %assign/vec4 v0x324582f0_0, 0;
T_0.1 ;
    %jmp T_0;
    .thread T_0;
    .scope S_0x32441210;
T_1 ;
    %delay 5000, 0;
    %load/vec4 v0x32458720_0;
    %inv;
    %store/vec4 v0x32458720_0, 0, 1;
    %jmp T_1;
    .thread T_1;
    .scope S_0x32441210;
T_2 ;
    %vpi_call/w 3 23 "$dumpfile", "dump.vcd" {0 0 0};
    %vpi_call/w 3 24 "$dumpvars", 32'sb00000000000000000000000000000000, S_0x32441210 {0 0 0};
    %vpi_call/w 3 26 "$display", "Time | WE | Addr | Din  | Dout" {0 0 0};
    %vpi_call/w 3 27 "$display", "-------------------------------" {0 0 0};
    %pushi/vec4 0, 0, 1;
    %store/vec4 v0x32458720_0, 0, 1;
    %pushi/vec4 0, 0, 1;
    %store/vec4 v0x324589c0_0, 0, 1;
    %pushi/vec4 0, 0, 4;
    %store/vec4 v0x32458640_0, 0, 4;
    %pushi/vec4 0, 0, 8;
    %store/vec4 v0x324587f0_0, 0, 8;
    %delay 10000, 0;
    %pushi/vec4 1, 0, 1;
    %store/vec4 v0x324589c0_0, 0, 1;
    %pushi/vec4 3, 0, 4;
    %store/vec4 v0x32458640_0, 0, 4;
    %pushi/vec4 170, 0, 8;
    %store/vec4 v0x324587f0_0, 0, 8;
    %delay 10000, 0;
    %pushi/vec4 1, 0, 1;
    %store/vec4 v0x324589c0_0, 0, 1;
    %pushi/vec4 5, 0, 4;
    %store/vec4 v0x32458640_0, 0, 4;
    %pushi/vec4 85, 0, 8;
    %store/vec4 v0x324587f0_0, 0, 8;
    %delay 10000, 0;
    %pushi/vec4 0, 0, 1;
    %store/vec4 v0x324589c0_0, 0, 1;
    %pushi/vec4 3, 0, 4;
    %store/vec4 v0x32458640_0, 0, 4;
    %delay 10000, 0;
    %vpi_call/w 3 35 "$display", "%g |  %b |  %d   |  %h  |  %h", $time, v0x324589c0_0, v0x32458640_0, v0x324587f0_0, v0x324588f0_0 {0 0 0};
    %delay 10000, 0;
    %pushi/vec4 0, 0, 1;
    %store/vec4 v0x324589c0_0, 0, 1;
    %pushi/vec4 5, 0, 4;
    %store/vec4 v0x32458640_0, 0, 4;
    %delay 10000, 0;
    %vpi_call/w 3 38 "$display", "%g |  %b |  %d   |  %h  |  %h", $time, v0x324589c0_0, v0x32458640_0, v0x324587f0_0, v0x324588f0_0 {0 0 0};
    %vpi_call/w 3 40 "$finish" {0 0 0};
    %end;
    .thread T_2;
# The file index is used to find the file name in the following table.
:file_names 5;
    "N/A";
    "<interactive>";
    "-";
    "testbench.sv";
    "design.sv";
